   1              		.file	"audio.cpp"
   2              		.section	.debug_abbrev,"",@progbits
   3              	.Ldebug_abbrev0:
   4              		.section	.debug_info,"",@progbits
   5              	.Ldebug_info0:
   6              		.section	.debug_line,"",@progbits
   7              	.Ldebug_line0:
   8 0000 0000007F 		.section	".text"
   8      00020000 
   8      005C0401 
   8      FB0E0D00 
   8      01010101 
   9              	.Ltext0:
  10              		.align 2
  11              		.globl _Z13ShutdownAudiov
  12              		.type	_Z13ShutdownAudiov, @function
  13              	_Z13ShutdownAudiov:
  14              	.LFB64:
  15              		.file 1 "/home/muzer/Other/installdev/Wiiiiii/Compile/shopmii/source/audio.cpp"
  16              		.loc 1 31 0
  17 0000 7C0802A6 		mflr 0
  18              	.LCFI0:
  19 0004 9421FFF8 		stwu 1,-8(1)
  20              	.LCFI1:
  21              		.loc 1 33 0
  22 0008 38600001 		li 3,1
  23              		.loc 1 31 0
  24 000c 9001000C 		stw 0,12(1)
  25              	.LCFI2:
  26              		.loc 1 33 0
  27 0010 48000001 		bl ASND_Pause
  28              		.loc 1 34 0
  29 0014 48000001 		bl ASND_End
  30              		.loc 1 35 0
  31 0018 8001000C 		lwz 0,12(1)
  32 001c 38210008 		addi 1,1,8
  33 0020 7C0803A6 		mtlr 0
  34 0024 4E800020 		blr
  35              	.LFE64:
  36              		.size	_Z13ShutdownAudiov, .-_Z13ShutdownAudiov
  37              		.globl __gxx_personality_v0
  38              		.align 2
  39              		.globl _Z9InitAudiov
  40              		.type	_Z9InitAudiov, @function
  41              	_Z9InitAudiov:
  42              	.LFB63:
  43              		.loc 1 18 0
  44 0028 7C0802A6 		mflr 0
  45              	.LCFI3:
  46 002c 9421FFF8 		stwu 1,-8(1)
  47              	.LCFI4:
  48              		.loc 1 20 0
  49 0030 38600000 		li 3,0
  50              		.loc 1 18 0
  51 0034 9001000C 		stw 0,12(1)
  52              	.LCFI5:
  53              		.loc 1 20 0
  54 0038 48000001 		bl AUDIO_Init
  55              		.loc 1 21 0
  56 003c 48000001 		bl ASND_Init
  57              		.loc 1 22 0
  58 0040 38600000 		li 3,0
  59 0044 48000001 		bl ASND_Pause
  60              		.loc 1 23 0
  61 0048 8001000C 		lwz 0,12(1)
  62 004c 38210008 		addi 1,1,8
  63 0050 7C0803A6 		mtlr 0
  64 0054 4E800020 		blr
  65              	.LFE63:
  66              		.size	_Z9InitAudiov, .-_Z9InitAudiov
  67              		.section	.debug_frame,"",@progbits
  68              	.Lframe0:
  69 0000 0000000C 		.4byte	.LECIE0-.LSCIE0
  70              	.LSCIE0:
  71 0004 FFFFFFFF 		.4byte	0xffffffff
  72 0008 01       		.byte	0x1
  73 0009 00       		.string	""
  74 000a 01       		.uleb128 0x1
  75 000b 7C       		.sleb128 -4
  76 000c 41       		.byte	0x41
  77 000d 0C       		.byte	0xc
  78 000e 01       		.uleb128 0x1
  79 000f 00       		.uleb128 0x0
  80              		.align 2
  81              	.LECIE0:
  82              	.LSFDE0:
  83 0010 00000014 		.4byte	.LEFDE0-.LASFDE0
  84              	.LASFDE0:
  85 0014 00000000 		.4byte	.Lframe0
  86 0018 00000000 		.4byte	.LFB64
  87 001c 00000028 		.4byte	.LFE64-.LFB64
  88 0020 48       		.byte	0x4
  89              		.4byte	.LCFI1-.LFB64
  90 0021 0E       		.byte	0xe
  91 0022 08       		.uleb128 0x8
  92 0023 48       		.byte	0x4
  93              		.4byte	.LCFI2-.LCFI1
  94 0024 11       		.byte	0x11
  95 0025 41       		.uleb128 0x41
  96 0026 7F       		.sleb128 -1
  97 0027 00       		.align 2
  98              	.LEFDE0:
  99              	.LSFDE2:
 100 0028 00000014 		.4byte	.LEFDE2-.LASFDE2
 101              	.LASFDE2:
 102 002c 00000000 		.4byte	.Lframe0
 103 0030 00000028 		.4byte	.LFB63
 104 0034 00000030 		.4byte	.LFE63-.LFB63
 105 0038 48       		.byte	0x4
 106              		.4byte	.LCFI4-.LFB63
 107 0039 0E       		.byte	0xe
 108 003a 08       		.uleb128 0x8
 109 003b 48       		.byte	0x4
 110              		.4byte	.LCFI5-.LCFI4
 111 003c 11       		.byte	0x11
 112 003d 41       		.uleb128 0x41
 113 003e 7F       		.sleb128 -1
 114 003f 00       		.align 2
 115              	.LEFDE2:
 116              		.section	.eh_frame,"a",@progbits
 117              	.Lframe1:
 118 0000 00000014 		.4byte	.LECIE1-.LSCIE1
 119              	.LSCIE1:
 120 0004 00000000 		.4byte	0x0
 121 0008 01       		.byte	0x1
 122 0009 7A5000   		.string	"zP"
 123 000c 01       		.uleb128 0x1
 124 000d 7C       		.sleb128 -4
 125 000e 41       		.byte	0x41
 126 000f 05       		.uleb128 0x5
 127 0010 00       		.byte	0x0
 128 0011 00000000 		.4byte	__gxx_personality_v0
 129 0015 0C       		.byte	0xc
 130 0016 01       		.uleb128 0x1
 131 0017 00       		.uleb128 0x0
 132              		.align 2
 133              	.LECIE1:
 134              	.LSFDE1:
 135 0018 00000014 		.4byte	.LEFDE1-.LASFDE1
 136              	.LASFDE1:
 137 001c 0000001C 		.4byte	.LASFDE1-.Lframe1
 138 0020 00000000 		.4byte	.LFB64
 139 0024 00000028 		.4byte	.LFE64-.LFB64
 140 0028 00       		.uleb128 0x0
 141 0029 48       		.byte	0x4
 142              		.4byte	.LCFI1-.LFB64
 143 002a 0E       		.byte	0xe
 144 002b 08       		.uleb128 0x8
 145 002c 48       		.byte	0x4
 146              		.4byte	.LCFI2-.LCFI1
 147 002d 11       		.byte	0x11
 148 002e 41       		.uleb128 0x41
 149 002f 7F       		.sleb128 -1
 150              		.align 2
 151              	.LEFDE1:
 152              	.LSFDE3:
 153 0030 00000014 		.4byte	.LEFDE3-.LASFDE3
 154              	.LASFDE3:
 155 0034 00000034 		.4byte	.LASFDE3-.Lframe1
 156 0038 00000028 		.4byte	.LFB63
 157 003c 00000030 		.4byte	.LFE63-.LFB63
 158 0040 00       		.uleb128 0x0
 159 0041 48       		.byte	0x4
 160              		.4byte	.LCFI4-.LFB63
 161 0042 0E       		.byte	0xe
 162 0043 08       		.uleb128 0x8
 163 0044 48       		.byte	0x4
 164              		.4byte	.LCFI5-.LCFI4
 165 0045 11       		.byte	0x11
 166 0046 41       		.uleb128 0x41
 167 0047 7F       		.sleb128 -1
 168              		.align 2
 169              	.LEFDE3:
 170              		.section	".text"
 171              	.Letext0:
 172              		.section	.debug_loc,"",@progbits
 173              	.Ldebug_loc0:
 174              	.LLST0:
 175 0000 00000000 		.4byte	.LFB64-.Ltext0
 176 0004 00000008 		.4byte	.LCFI1-.Ltext0
 177 0008 0001     		.2byte	0x1
 178 000a 51       		.byte	0x51
 179 000b 00000008 		.4byte	.LCFI1-.Ltext0
 180 000f 00000028 		.4byte	.LFE64-.Ltext0
 181 0013 0002     		.2byte	0x2
 182 0015 71       		.byte	0x71
 183 0016 08       		.sleb128 8
 184 0017 00000000 		.4byte	0x0
 185 001b 00000000 		.4byte	0x0
 186              	.LLST1:
 187 001f 00000028 		.4byte	.LFB63-.Ltext0
 188 0023 00000030 		.4byte	.LCFI4-.Ltext0
 189 0027 0001     		.2byte	0x1
 190 0029 51       		.byte	0x51
 191 002a 00000030 		.4byte	.LCFI4-.Ltext0
 192 002e 00000058 		.4byte	.LFE63-.Ltext0
 193 0032 0002     		.2byte	0x2
 194 0034 71       		.byte	0x71
 195 0035 08       		.sleb128 8
 196 0036 00000000 		.4byte	0x0
 197 003a 00000000 		.4byte	0x0
 198              		.section	.debug_info
 199 0000 000000B3 		.4byte	0xb3
 200 0004 0002     		.2byte	0x2
 201 0006 00000000 		.4byte	.Ldebug_abbrev0
 202 000a 04       		.byte	0x4
 203 000b 01       		.uleb128 0x1
 204 000c 0000011A 		.4byte	.LASF17
 205 0010 04       		.byte	0x4
 206 0011 000000C4 		.4byte	.LASF18
 207 0015 00000000 		.4byte	.Ltext0
 208 0019 00000058 		.4byte	.Letext0
 209 001d 00000000 		.4byte	.Ldebug_line0
 210 0021 02       		.uleb128 0x2
 211 0022 01       		.byte	0x1
 212 0023 08       		.byte	0x8
 213 0024 00000078 		.4byte	.LASF0
 214 0028 02       		.uleb128 0x2
 215 0029 02       		.byte	0x2
 216 002a 07       		.byte	0x7
 217 002b 000000A5 		.4byte	.LASF1
 218 002f 02       		.uleb128 0x2
 219 0030 04       		.byte	0x4
 220 0031 07       		.byte	0x7
 221 0032 0000000E 		.4byte	.LASF2
 222 0036 02       		.uleb128 0x2
 223 0037 08       		.byte	0x8
 224 0038 07       		.byte	0x7
 225 0039 0000004E 		.4byte	.LASF3
 226 003d 02       		.uleb128 0x2
 227 003e 01       		.byte	0x1
 228 003f 06       		.byte	0x6
 229 0040 000000B8 		.4byte	.LASF4
 230 0044 02       		.uleb128 0x2
 231 0045 02       		.byte	0x2
 232 0046 05       		.byte	0x5
 233 0047 00000110 		.4byte	.LASF5
 234 004b 03       		.uleb128 0x3
 235 004c 04       		.byte	0x4
 236 004d 05       		.byte	0x5
 237 004e 696E7400 		.string	"int"
 238 0052 02       		.uleb128 0x2
 239 0053 08       		.byte	0x8
 240 0054 05       		.byte	0x5
 241 0055 00000000 		.4byte	.LASF6
 242 0059 02       		.uleb128 0x2
 243 005a 04       		.byte	0x4
 244 005b 04       		.byte	0x4
 245 005c 0000010A 		.4byte	.LASF7
 246 0060 02       		.uleb128 0x2
 247 0061 08       		.byte	0x8
 248 0062 04       		.byte	0x4
 249 0063 0000009E 		.4byte	.LASF8
 250 0067 02       		.uleb128 0x2
 251 0068 01       		.byte	0x1
 252 0069 08       		.byte	0x8
 253 006a 00000086 		.4byte	.LASF9
 254 006e 04       		.uleb128 0x4
 255 006f 04       		.byte	0x4
 256 0070 07       		.byte	0x7
 257 0071 02       		.uleb128 0x2
 258 0072 01       		.byte	0x1
 259 0073 02       		.byte	0x2
 260 0074 00000073 		.4byte	.LASF10
 261 0078 02       		.uleb128 0x2
 262 0079 04       		.byte	0x4
 263 007a 07       		.byte	0x7
 264 007b 0000003C 		.4byte	.LASF11
 265 007f 02       		.uleb128 0x2
 266 0080 04       		.byte	0x4
 267 0081 05       		.byte	0x5
 268 0082 00000095 		.4byte	.LASF12
 269 0086 05       		.uleb128 0x5
 270 0087 01       		.byte	0x1
 271 0088 0000001B 		.4byte	.LASF13
 272 008c 01       		.byte	0x1
 273 008d 1F       		.byte	0x1f
 274 008e 00000029 		.4byte	.LASF15
 275 0092 00000000 		.4byte	.LFB64
 276 0096 00000028 		.4byte	.LFE64
 277 009a 00000000 		.4byte	.LLST0
 278 009e 05       		.uleb128 0x5
 279 009f 01       		.byte	0x1
 280 00a0 0000008B 		.4byte	.LASF14
 281 00a4 01       		.byte	0x1
 282 00a5 12       		.byte	0x12
 283 00a6 00000065 		.4byte	.LASF16
 284 00aa 00000028 		.4byte	.LFB63
 285 00ae 00000058 		.4byte	.LFE63
 286 00b2 0000001F 		.4byte	.LLST1
 287 00b6 00       		.byte	0x0
 288              		.section	.debug_abbrev
 289 0000 01       		.uleb128 0x1
 290 0001 11       		.uleb128 0x11
 291 0002 01       		.byte	0x1
 292 0003 25       		.uleb128 0x25
 293 0004 0E       		.uleb128 0xe
 294 0005 13       		.uleb128 0x13
 295 0006 0B       		.uleb128 0xb
 296 0007 03       		.uleb128 0x3
 297 0008 0E       		.uleb128 0xe
 298 0009 11       		.uleb128 0x11
 299 000a 01       		.uleb128 0x1
 300 000b 12       		.uleb128 0x12
 301 000c 01       		.uleb128 0x1
 302 000d 10       		.uleb128 0x10
 303 000e 06       		.uleb128 0x6
 304 000f 00       		.byte	0x0
 305 0010 00       		.byte	0x0
 306 0011 02       		.uleb128 0x2
 307 0012 24       		.uleb128 0x24
 308 0013 00       		.byte	0x0
 309 0014 0B       		.uleb128 0xb
 310 0015 0B       		.uleb128 0xb
 311 0016 3E       		.uleb128 0x3e
 312 0017 0B       		.uleb128 0xb
 313 0018 03       		.uleb128 0x3
 314 0019 0E       		.uleb128 0xe
 315 001a 00       		.byte	0x0
 316 001b 00       		.byte	0x0
 317 001c 03       		.uleb128 0x3
 318 001d 24       		.uleb128 0x24
 319 001e 00       		.byte	0x0
 320 001f 0B       		.uleb128 0xb
 321 0020 0B       		.uleb128 0xb
 322 0021 3E       		.uleb128 0x3e
 323 0022 0B       		.uleb128 0xb
 324 0023 03       		.uleb128 0x3
 325 0024 08       		.uleb128 0x8
 326 0025 00       		.byte	0x0
 327 0026 00       		.byte	0x0
 328 0027 04       		.uleb128 0x4
 329 0028 24       		.uleb128 0x24
 330 0029 00       		.byte	0x0
 331 002a 0B       		.uleb128 0xb
 332 002b 0B       		.uleb128 0xb
 333 002c 3E       		.uleb128 0x3e
 334 002d 0B       		.uleb128 0xb
 335 002e 00       		.byte	0x0
 336 002f 00       		.byte	0x0
 337 0030 05       		.uleb128 0x5
 338 0031 2E       		.uleb128 0x2e
 339 0032 00       		.byte	0x0
 340 0033 3F       		.uleb128 0x3f
 341 0034 0C       		.uleb128 0xc
 342 0035 03       		.uleb128 0x3
 343 0036 0E       		.uleb128 0xe
 344 0037 3A       		.uleb128 0x3a
 345 0038 0B       		.uleb128 0xb
 346 0039 3B       		.uleb128 0x3b
 347 003a 0B       		.uleb128 0xb
 348 003b 8740     		.uleb128 0x2007
 349 003d 0E       		.uleb128 0xe
 350 003e 11       		.uleb128 0x11
 351 003f 01       		.uleb128 0x1
 352 0040 12       		.uleb128 0x12
 353 0041 01       		.uleb128 0x1
 354 0042 40       		.uleb128 0x40
 355 0043 06       		.uleb128 0x6
 356 0044 00       		.byte	0x0
 357 0045 00       		.byte	0x0
 358 0046 00       		.byte	0x0
 359              		.section	.debug_pubnames,"",@progbits
 360 0000 0000002E 		.4byte	0x2e
 361 0004 0002     		.2byte	0x2
 362 0006 00000000 		.4byte	.Ldebug_info0
 363 000a 000000B7 		.4byte	0xb7
 364 000e 00000086 		.4byte	0x86
 365 0012 53687574 		.string	"ShutdownAudio"
 365      646F776E 
 365      41756469 
 365      6F00
 366 0020 0000009E 		.4byte	0x9e
 367 0024 496E6974 		.string	"InitAudio"
 367      41756469 
 367      6F00
 368 002e 00000000 		.4byte	0x0
 369              		.section	.debug_aranges,"",@progbits
 370 0000 0000001C 		.4byte	0x1c
 371 0004 0002     		.2byte	0x2
 372 0006 00000000 		.4byte	.Ldebug_info0
 373 000a 04       		.byte	0x4
 374 000b 00       		.byte	0x0
 375 000c 0000     		.2byte	0x0
 376 000e 0000     		.2byte	0x0
 377 0010 00000000 		.4byte	.Ltext0
 378 0014 00000058 		.4byte	.Letext0-.Ltext0
 379 0018 00000000 		.4byte	0x0
 380 001c 00000000 		.4byte	0x0
 381              		.section	.debug_str,"MS",@progbits,1
 382              	.LASF6:
 383 0000 6C6F6E67 		.string	"long long int"
 383      206C6F6E 
 383      6720696E 
 383      7400
 384              	.LASF2:
 385 000e 756E7369 		.string	"unsigned int"
 385      676E6564 
 385      20696E74 
 385      00
 386              	.LASF13:
 387 001b 53687574 		.string	"ShutdownAudio"
 387      646F776E 
 387      41756469 
 387      6F00
 388              	.LASF15:
 389 0029 5F5A3133 		.string	"_Z13ShutdownAudiov"
 389      53687574 
 389      646F776E 
 389      41756469 
 389      6F7600
 390              	.LASF11:
 391 003c 6C6F6E67 		.string	"long unsigned int"
 391      20756E73 
 391      69676E65 
 391      6420696E 
 391      7400
 392              	.LASF3:
 393 004e 6C6F6E67 		.string	"long long unsigned int"
 393      206C6F6E 
 393      6720756E 
 393      7369676E 
 393      65642069 
 394              	.LASF16:
 395 0065 5F5A3949 		.string	"_Z9InitAudiov"
 395      6E697441 
 395      7564696F 
 395      7600
 396              	.LASF10:
 397 0073 626F6F6C 		.string	"bool"
 397      00
 398              	.LASF0:
 399 0078 756E7369 		.string	"unsigned char"
 399      676E6564 
 399      20636861 
 399      7200
 400              	.LASF9:
 401 0086 63686172 		.string	"char"
 401      00
 402              	.LASF14:
 403 008b 496E6974 		.string	"InitAudio"
 403      41756469 
 403      6F00
 404              	.LASF12:
 405 0095 6C6F6E67 		.string	"long int"
 405      20696E74 
 405      00
 406              	.LASF8:
 407 009e 646F7562 		.string	"double"
 407      6C6500
 408              	.LASF1:
 409 00a5 73686F72 		.string	"short unsigned int"
 409      7420756E 
 409      7369676E 
 409      65642069 
 409      6E7400
 410              	.LASF4:
 411 00b8 7369676E 		.string	"signed char"
 411      65642063 
 411      68617200 
 412              	.LASF18:
 413 00c4 2F686F6D 		.string	"/home/muzer/Other/installdev/Wiiiiii/Compile/shopmii/source/audio.cpp"
 413      652F6D75 
 413      7A65722F 
 413      4F746865 
 413      722F696E 
 414              	.LASF7:
 415 010a 666C6F61 		.string	"float"
 415      7400
 416              	.LASF5:
 417 0110 73686F72 		.string	"short int"
 417      7420696E 
 417      7400
 418              	.LASF17:
 419 011a 474E5520 		.string	"GNU C++ 4.2.4 (devkitPPC release 15)"
 419      432B2B20 
 419      342E322E 
 419      34202864 
 419      65766B69 
 420              		.ident	"GCC: (GNU) 4.2.4 (devkitPPC release 15)"
